<?xml version="1.0" encoding="UTF-8"?>
<!-- Generated by org.testng.reporters.JUnitXMLReporter -->
<testsuite ignored="0" hostname="DESKTOP-TAA5V0N" failures="0" tests="3" name="Test" time="0.066" errors="0" timestamp="01 May 2023 22:56:45 GMT">
  <testcase classname="com.TestNG.PriorityTest" name="getTest3" time="0.014"/>
  <testcase classname="com.TestNG.PriorityTest" name="getTest1" time="0.001"/>
  <testcase classname="com.TestNG.PriorityTest" name="getTest2" time="0.003"/>
</testsuite> <!-- Test -->
