<?xml version="1.0" encoding="UTF-8"?>
<testsuite xmlns:xsi="http://www.w3.org/2001/XMLSchema-instance" xsi:noNamespaceSchemaLocation="https://maven.apache.org/surefire/maven-surefire-plugin/xsd/surefire-test-report-3.0.xsd" version="3.0" name="TestSuite" time="50.988" tests="1" errors="0" skipped="0" failures="1">
  <properties>
[...]
</properties>
  <testcase name="runScenario[&quot;user able to select the product, add to cart, add shipping information, place order, &amp; verify the order confirmation number&quot;, &quot;Optional[user able to purchase the product and verify the order confirmation]&quot;](1)" classname="luma.usa.myRunnerTest.MyRunner" time="49.909">
    <failure message="Expected condition failed: waiting for element to be clickable: [[ChromeDriver: chrome on WINDOWS (0f2353f69c5d7dbbdb06e966327f74a5)] -&gt; xpath: //input[@name=&apos;firstname&apos;]] (tried for 30 second(s) with 500 milliseconds interval)&#10;Build info: version: &apos;3.141.59&apos;, revision: &apos;e82be7d358&apos;, time: &apos;2018-11-14T08:17:03&apos;&#10;System info: host: &apos;DESKTOP-TAA5V0N&apos;, ip: &apos;192.168.56.1&apos;, os.name: &apos;Windows 10&apos;, os.arch: &apos;amd64&apos;, os.version: &apos;10.0&apos;, java.version: &apos;17.0.6&apos;&#10;Driver info: org.openqa.selenium.chrome.ChromeDriver&#10;Capabilities {acceptInsecureCerts: false, browserName: chrome, browserVersion: 113.0.5672.93, chrome: {chromedriverVersion: 113.0.5672.63 (0e1a4471d5ae..., userDataDir: C:\Users\Fatema\AppData\Loc...}, goog:chromeOptions: {debuggerAddress: localhost:55479}, javascriptEnabled: true, networkConnectionEnabled: false, pageLoadStrategy: normal, platform: WINDOWS, platformName: WINDOWS, proxy: Proxy(), setWindowRect: true, strictFileInteractability: false, timeouts: {implicit: 0, pageLoad: 300000, script: 30000}, unhandledPromptBehavior: dismiss and notify, webauthn:extension:credBlob: true, webauthn:extension:largeBlob: true, webauthn:extension:minPinLength: true, webauthn:extension:prf: true, webauthn:virtualAuthenticators: true}&#10;Session ID: 0f2353f69c5d7dbbdb06e966327f74a5" type="org.openqa.selenium.TimeoutException"><![CDATA[org.openqa.selenium.TimeoutException: 
Expected condition failed: waiting for element to be clickable: [[ChromeDriver: chrome on WINDOWS (0f2353f69c5d7dbbdb06e966327f74a5)] -> xpath: //input[@name='firstname']] (tried for 30 second(s) with 500 milliseconds interval)
Build info: version: '3.141.59', revision: 'e82be7d358', time: '2018-11-14T08:17:03'
System info: host: 'DESKTOP-TAA5V0N', ip: '192.168.56.1', os.name: 'Windows 10', os.arch: 'amd64', os.version: '10.0', java.version: '17.0.6'
Driver info: org.openqa.selenium.chrome.ChromeDriver
Capabilities {acceptInsecureCerts: false, browserName: chrome, browserVersion: 113.0.5672.93, chrome: {chromedriverVersion: 113.0.5672.63 (0e1a4471d5ae..., userDataDir: C:\Users\Fatema\AppData\Loc...}, goog:chromeOptions: {debuggerAddress: localhost:55479}, javascriptEnabled: true, networkConnectionEnabled: false, pageLoadStrategy: normal, platform: WINDOWS, platformName: WINDOWS, proxy: Proxy(), setWindowRect: true, strictFileInteractability: false, timeouts: {implicit: 0, pageLoad: 300000, script: 30000}, unhandledPromptBehavior: dismiss and notify, webauthn:extension:credBlob: true, webauthn:extension:largeBlob: true, webauthn:extension:minPinLength: true, webauthn:extension:prf: true, webauthn:virtualAuthenticators: true}
Session ID: 0f2353f69c5d7dbbdb06e966327f74a5
]]></failure>
    <system-out><![CDATA[
Scenario: user able to select the product, add to cart, add shipping information, place order, & verify the order confirmation number &amp#27;[90m# Features/FunctionalTest.feature:3&amp#27;[0m
======Automation Started=========
 INFO [main] (WebDriverManager.java:966)- Using chromedriver 113.0.5672.63 (resolved driver for Chrome 113)
 INFO [main] (WebDriverManager.java:1021)- Exporting webdriver.chrome.driver as C:\Users\Fatema\.cache\selenium\chromedriver\win32\113.0.5672.63\chromedriver.exe
Screenshot taken
  &amp#27;[32mGiven &amp#27;[0m&amp#27;[32muser able to login the application&amp#27;[0m                                                                                            &amp#27;[90m# luma.usa.stepDefinition.FunctionalStepDefinition.user_able_to_login_the_application()&amp#27;[0m
 INFO [main] (FunctionalStepDefinition.java:25)- >>>>user able to select Men module<<<< 
 INFO [main] (FunctionalStepDefinition.java:29)- >>>>user able to select Tops from Men module<<<< 
 INFO [main] (FunctionalStepDefinition.java:33)- >>>>user able to click Jackets from   from Tops module<<<< 
  &amp#27;[32mWhen &amp#27;[0m&amp#27;[32muser able to select Jackets from Men module&amp#27;[0m                                                                                    &amp#27;[90m# luma.usa.stepDefinition.FunctionalStepDefinition.user_able_to_select_jackets_from_men_module()&amp#27;[0m
 INFO [main] (FunctionalStepDefinition.java:41)- >>>>user able to select a Jacket <<<< 
Screenshot taken
 INFO [main] (FunctionalStepDefinition.java:48)- >>>>user able to select a Color <<<< 
 INFO [main] (FunctionalStepDefinition.java:52)- >>>>user able to enter quantity <<<< 
  &amp#27;[32mAnd &amp#27;[0m&amp#27;[32muser able to select a Jacket product's size, color, quantity&amp#27;[0m                                                                    &amp#27;[90m# luma.usa.stepDefinition.FunctionalStepDefinition.user_able_to_select_a_jacket_product_s_size_color_quantity()&amp#27;[0m
 INFO [main] (FunctionalStepDefinition.java:63)- >>>>user able to click add to cart button <<<< 
  &amp#27;[32mAnd &amp#27;[0m&amp#27;[32muser able to click add to cart button&amp#27;[0m                                                                                           &amp#27;[90m# luma.usa.stepDefinition.FunctionalStepDefinition.user_able_to_click_add_to_cart_button()&amp#27;[0m
 INFO [main] (FunctionalStepDefinition.java:71)- >>>>user able to click on the shopping cart pop-up<<<< 
  &amp#27;[32mAnd &amp#27;[0m&amp#27;[32muser able to click on the shopping cart pop-up&amp#27;[0m                                                                                  &amp#27;[90m# luma.usa.stepDefinition.FunctionalStepDefinition.user_able_to_click_on_the_shopping_cart_pop_up()&amp#27;[0m
 INFO [main] (FunctionalStepDefinition.java:78)- >>>>user able to click on the proceed to checkout Button<<<< 
  &amp#27;[32mAnd &amp#27;[0m&amp#27;[32muser able to click on the proceed to checkout&amp#27;[0m                                                                                   &amp#27;[90m# luma.usa.stepDefinition.FunctionalStepDefinition.user_able_to_click_on_the_proceed_to_checkout()&amp#27;[0m
 INFO [main] (FunctionalStepDefinition.java:85)- >>>>user able to add shipping information <<<< 
 INFO [main] (PageFactoryElements.java:291)- >>>>user able to Enter First Name<<<< 
  &amp#27;[31mAnd &amp#27;[0m&amp#27;[31muser able to add shipping information&amp#27;[0m                                                                                           &amp#27;[90m# luma.usa.stepDefinition.FunctionalStepDefinition.user_able_to_add_shipping_information()&amp#27;[0m
      &amp#27;[31morg.openqa.selenium.TimeoutException: Expected condition failed: waiting for element to be clickable: [[ChromeDriver: chrome on WINDOWS (0f2353f69c5d7dbbdb06e966327f74a5)] -> xpath: //input[@name='firstname']] (tried for 30 second(s) with 500 milliseconds interval)
Build info: version: '3.141.59', revision: 'e82be7d358', time: '2018-11-14T08:17:03'
System info: host: 'DESKTOP-TAA5V0N', ip: '192.168.56.1', os.name: 'Windows 10', os.arch: 'amd64', os.version: '10.0', java.version: '17.0.6'
Driver info: org.openqa.selenium.chrome.ChromeDriver
Capabilities {acceptInsecureCerts: false, browserName: chrome, browserVersion: 113.0.5672.93, chrome: {chromedriverVersion: 113.0.5672.63 (0e1a4471d5ae..., userDataDir: C:\Users\Fatema\AppData\Loc...}, goog:chromeOptions: {debuggerAddress: localhost:55479}, javascriptEnabled: true, networkConnectionEnabled: false, pageLoadStrategy: normal, platform: WINDOWS, platformName: WINDOWS, proxy: Proxy(), setWindowRect: true, strictFileInteractability: false, timeouts: {implicit: 0, pageLoad: 300000, script: 30000}, unhandledPromptBehavior: dismiss and notify, webauthn:extension:credBlob: true, webauthn:extension:largeBlob: true, webauthn:extension:minPinLength: true, webauthn:extension:prf: true, webauthn:virtualAuthenticators: true}
Session ID: 0f2353f69c5d7dbbdb06e966327f74a5
	at org.openqa.selenium.support.ui.WebDriverWait.timeoutException(WebDriverWait.java:95)
	at org.openqa.selenium.support.ui.FluentWait.until(FluentWait.java:272)
	at luma.usa.genericFunctions.WaitHelper.seleniumWait(WaitHelper.java:15)
	at luma.usa.elementPage.PageFactoryElements.AddNewShippingDetails(PageFactoryElements.java:292)
	at luma.usa.stepDefinition.FunctionalStepDefinition.user_able_to_add_shipping_information(FunctionalStepDefinition.java:86)
	at âœ½.user able to add shipping information(file:///C:/Users/Fatema/eclipse-workspace/hybrid_Automation_FW_Fatem/./Features/FunctionalTest.feature:10)
&amp#27;[0m
  &amp#27;[36mAnd &amp#27;[0m&amp#27;[36muser able to select shipping method radio button and click on next button&amp#27;[0m                                                       &amp#27;[90m# luma.usa.stepDefinition.FunctionalStepDefinition.user_able_to_select_shipping_method_radio_button_and_click_on_next_button()&amp#27;[0m
  &amp#27;[36mAnd &amp#27;[0m&amp#27;[36muser able to click on the place order button&amp#27;[0m                                                                                    &amp#27;[90m# luma.usa.stepDefinition.FunctionalStepDefinition.user_able_to_click_on_the_place_order_button()&amp#27;[0m
  &amp#27;[36mThen &amp#27;[0m&amp#27;[36muser able to verify the confirmation message &amp#27;[0m&amp#27;[36m&amp#27;[1m"Thank you for your purchase!"&amp#27;[0m                                                    &amp#27;[90m# luma.usa.stepDefinition.FunctionalStepDefinition.user_able_to_verify_the_confirmation_message(java.lang.String)&amp#27;[0m
======Automation completed and closed the browser=========
Test will fail and take screenshot runScenario
Exception while taking screenshot Session ID is null. Using WebDriver after calling quit()?
Build info: version: '3.141.59', revision: 'e82be7d358', time: '2018-11-14T08:17:03'
System info: host: 'DESKTOP-TAA5V0N', ip: '192.168.56.1', os.name: 'Windows 10', os.arch: 'amd64', os.version: '10.0', java.version: '17.0.6'
Driver info: driver.version: RemoteWebDriver
]]></system-out>
    <system-err><![CDATA[Starting ChromeDriver 113.0.5672.63 (0e1a4471d5ae5bf128b1bd8f4d627c8cbd55f70c-refs/branch-heads/5672@{#912}) on port 12586
Only local connections are allowed.
Please see https://chromedriver.chromium.org/security-considerations for suggestions on keeping ChromeDriver safe.
ChromeDriver was started successfully.
May 16, 2023 10:15:24 PM org.openqa.selenium.remote.ProtocolHandshake createSession
INFO: Detected dialect: W3C
]]></system-err>
  </testcase>
</testsuite>