<?xml version="1.0" encoding="UTF-8"?>
<testng-results ignored="0" total="1" passed="1" failed="0" skipped="0">
  <reporter-output>
  </reporter-output>
  <suite started-at="2023-05-17T02:37:25Z" name="Default suite" finished-at="2023-05-17T02:37:56Z" duration-ms="31187">
    <groups>
      <group name="cucumber">
        <method signature="AbstractTestNGCucumberTests.runScenario(io.cucumber.testng.PickleWrapper, io.cucumber.testng.FeatureWrapper)[pri:0, instance:luma.usa.myRunnerTest.MyRunner@6cc558c6]" name="runScenario" class="io.cucumber.testng.AbstractTestNGCucumberTests"/>
      </group> <!-- cucumber -->
    </groups>
    <test started-at="2023-05-17T02:37:25Z" name="Default test" finished-at="2023-05-17T02:37:56Z" duration-ms="31187">
      <class name="luma.usa.myRunnerTest.MyRunner">
        <test-method is-config="true" signature="setUpClass()[pri:0, instance:luma.usa.myRunnerTest.MyRunner@6cc558c6]" started-at="2023-05-17T02:37:25Z" name="setUpClass" finished-at="2023-05-17T02:37:26Z" duration-ms="428" status="PASS">
          <reporter-output>
          </reporter-output>
        </test-method> <!-- setUpClass -->
        <test-method signature="runScenario(io.cucumber.testng.PickleWrapper, io.cucumber.testng.FeatureWrapper)[pri:0, instance:luma.usa.myRunnerTest.MyRunner@6cc558c6]" started-at="2023-05-17T02:37:26Z" name="runScenario" description="Runs Cucumber Scenarios" data-provider="scenarios" finished-at="2023-05-17T02:37:56Z" duration-ms="30579" status="PASS">
          <params>
            <param index="0">
              <value>
                <![CDATA["user able to select the product, add to cart, add shipping information, place order, & verify the order confirmation number"]]>
              </value>
            </param>
            <param index="1">
              <value>
                <![CDATA["Optional[user able to purchase the product and verify the order confirmation]"]]>
              </value>
            </param>
          </params>
          <reporter-output>
          </reporter-output>
        </test-method> <!-- runScenario -->
        <test-method is-config="true" signature="tearDownClass()[pri:0, instance:luma.usa.myRunnerTest.MyRunner@6cc558c6]" started-at="2023-05-17T02:37:56Z" name="tearDownClass" finished-at="2023-05-17T02:37:56Z" duration-ms="151" status="PASS">
          <reporter-output>
          </reporter-output>
        </test-method> <!-- tearDownClass -->
      </class> <!-- luma.usa.myRunnerTest.MyRunner -->
    </test> <!-- Default test -->
  </suite> <!-- Default suite -->
</testng-results>
